#
# There is insufficient memory for the Java Runtime Environment to continue.
# Native memory allocation (malloc) failed to allocate 2218736 bytes for Chunk::new
# Possible reasons:
#   The system is out of physical RAM or swap space
#   The process is running with CompressedOops enabled, and the Java Heap may be blocking the growth of the native heap
# Possible solutions:
#   Reduce memory load on the system
#   Increase physical memory or swap space
#   Check if swap backing store is full
#   Decrease Java heap size (-Xmx/-Xms)
#   Decrease number of Java threads
#   Decrease Java thread stack sizes (-Xss)
#   Set larger code cache with -XX:ReservedCodeCacheSize=
#   JVM is running with Unscaled Compressed Oops mode in which the Java heap is
#     placed in the first 4GB address space. The Java Heap base address is the
#     maximum limit for the native heap growth. Please use -XX:HeapBaseMinAddress
#     to set the Java Heap base and to place the Java Heap above 4GB virtual address.
# This output file may be truncated or incomplete.
#
#  Out of Memory Error (./src/hotspot/share/memory/arena.cpp:197), pid=12664, tid=608
#
# JRE version: OpenJDK Runtime Environment (11.0.8+10) (build 11.0.8+10-b944.6842174)
# Java VM: OpenJDK 64-Bit Server VM (11.0.8+10-b944.6842174, mixed mode, tiered, compressed oops, g1 gc, windows-amd64)
# No core dump will be written. Minidumps are not enabled by default on client versions of Windows
#

---------------  S U M M A R Y ------------

Command Line: org.jetbrains.kotlin.cli.jvm.K2JVMCompiler @C:\Users\nschu\Desktop\FSP App\IconFinder\app\build\20210618_18222113601280051451.compiler.options

Host: Intel(R) Pentium(R) CPU 4415U @ 2.30GHz, 4 cores, 3G,  Windows 10 , 64 bit Build 19041 (10.0.19041.928)
Time: Fri Jun 18 11:05:29 2021 Mitteleuropäische Sommerzeit elapsed time: 8 seconds (0d 0h 0m 8s)

---------------  T H R E A D  ---------------

Current thread (0x000001eed5108000):  JavaThread "C2 CompilerThread0" daemon [_thread_in_native, id=608, stack(0x0000007853200000,0x0000007853300000)]


Current CompileTask:
C2:   8251 3352       4       jdk.internal.loader.ClassLoaders$AppClassLoader::loadClass (40 bytes)

Stack: [0x0000007853200000,0x0000007853300000]
Native frames: (J=compiled Java code, j=interpreted, Vv=VM code, C=native code)
V  [jvm.dll+0x5de50a]
V  [jvm.dll+0x7122f5]
V  [jvm.dll+0x71384d]
V  [jvm.dll+0x713f03]
V  [jvm.dll+0x23e728]
V  [jvm.dll+0xb899c]
V  [jvm.dll+0xb8e9c]
V  [jvm.dll+0x35024d]
V  [jvm.dll+0x193cbc]
V  [jvm.dll+0x1f780e]
V  [jvm.dll+0x1f68d4]
V  [jvm.dll+0x17f32c]
V  [jvm.dll+0x205047]
V  [jvm.dll+0x203891]
V  [jvm.dll+0x6dad3f]
V  [jvm.dll+0x6d3895]
V  [jvm.dll+0x5dd4a6]
C  [ucrtbase.dll+0x21bb2]
C  [KERNEL32.DLL+0x17034]
C  [ntdll.dll+0x52651]


---------------  P R O C E S S  ---------------

Threads class SMR info:
_java_thread_list=0x000001eed53daea0, length=10, elements={
0x000001eebce7b000, 0x000001eed50e6800, 0x000001eed50f2000, 0x000001eed5103000,
0x000001eed5104000, 0x000001eed5108000, 0x000001eed510c000, 0x000001eed5159800,
0x000001eed53dd000, 0x000001eed53f5800
}

Java Threads: ( => current thread )
  0x000001eebce7b000 JavaThread "main" [_thread_in_vm, id=14832, stack(0x0000007852700000,0x0000007852800000)]
  0x000001eed50e6800 JavaThread "Reference Handler" daemon [_thread_blocked, id=1532, stack(0x0000007852e00000,0x0000007852f00000)]
  0x000001eed50f2000 JavaThread "Finalizer" daemon [_thread_blocked, id=7320, stack(0x0000007852f00000,0x0000007853000000)]
  0x000001eed5103000 JavaThread "Signal Dispatcher" daemon [_thread_blocked, id=4424, stack(0x0000007853000000,0x0000007853100000)]
  0x000001eed5104000 JavaThread "Attach Listener" daemon [_thread_blocked, id=16316, stack(0x0000007853100000,0x0000007853200000)]
=>0x000001eed5108000 JavaThread "C2 CompilerThread0" daemon [_thread_in_native, id=608, stack(0x0000007853200000,0x0000007853300000)]
  0x000001eed510c000 JavaThread "C1 CompilerThread0" daemon [_thread_blocked, id=9716, stack(0x0000007853300000,0x0000007853400000)]
  0x000001eed5159800 JavaThread "Sweeper thread" daemon [_thread_blocked, id=11304, stack(0x0000007853400000,0x0000007853500000)]
  0x000001eed53dd000 JavaThread "Service Thread" daemon [_thread_blocked, id=7824, stack(0x0000007853500000,0x0000007853600000)]
  0x000001eed53f5800 JavaThread "Common-Cleaner" daemon [_thread_blocked, id=12000, stack(0x0000007853700000,0x0000007853800000)]

Other Threads:
  0x000001eed50c0800 VMThread "VM Thread" [stack: 0x0000007852d00000,0x0000007852e00000] [id=9372]
  0x000001eed53df800 WatcherThread [stack: 0x0000007853600000,0x0000007853700000] [id=3332]
  0x000001eebce93800 GCTaskThread "GC Thread#0" [stack: 0x0000007852800000,0x0000007852900000] [id=13792]
  0x000001eed5861800 GCTaskThread "GC Thread#1" [stack: 0x0000007853800000,0x0000007853900000] [id=7516]
  0x000001eebceaf000 ConcurrentGCThread "G1 Main Marker" [stack: 0x0000007852900000,0x0000007852a00000] [id=6740]
  0x000001eebceb0800 ConcurrentGCThread "G1 Conc#0" [stack: 0x0000007852a00000,0x0000007852b00000] [id=13132]
  0x000001eebcf08800 ConcurrentGCThread "G1 Refine#0" [stack: 0x0000007852b00000,0x0000007852c00000] [id=8204]
  0x000001eed9bd1000 ConcurrentGCThread "G1 Refine#1" [stack: 0x0000007853900000,0x0000007853a00000] [id=16320]
  0x000001eebcf09800 ConcurrentGCThread "G1 Young RemSet Sampling" [stack: 0x0000007852c00000,0x0000007852d00000] [id=6404]

Threads with active compile tasks:
C2 CompilerThread0   8287 3352       4       jdk.internal.loader.ClassLoaders$AppClassLoader::loadClass (40 bytes)

VM state:not at safepoint (normal execution)

VM Mutex/Monitor currently owned by a thread: None

Heap address: 0x00000000c1e00000, size: 994 MB, Compressed Oops mode: 32-bit
Narrow klass base: 0x0000000000000000, Narrow klass shift: 3
Compressed class space size: 1073741824 Address: 0x0000000100000000

Heap:
 garbage-first heap   total 78848K, used 33505K [0x00000000c1e00000, 0x0000000100000000)
  region size 1024K, 6 young (6144K), 4 survivors (4096K)
 Metaspace       used 46849K, capacity 47390K, committed 47644K, reserved 1091584K
  class space    used 5482K, capacity 5706K, committed 5760K, reserved 1048576K
Heap Regions: E=young(eden), S=young(survivor), O=old, HS=humongous(starts), HC=humongous(continues), CS=collection set, F=free, A=archive, TAMS=top-at-mark-start (previous, next)
|   0|0x00000000c1e00000, 0x00000000c1f00000, 0x00000000c1f00000|100%|HS|  |TAMS 0x00000000c1f00000, 0x00000000c1e00000| Complete 
|   1|0x00000000c1f00000, 0x00000000c2000000, 0x00000000c2000000|100%|HC|  |TAMS 0x00000000c2000000, 0x00000000c1f00000| Complete 
|   2|0x00000000c2000000, 0x00000000c2100000, 0x00000000c2100000|100%|HC|  |TAMS 0x00000000c2100000, 0x00000000c2000000| Complete 
|   3|0x00000000c2100000, 0x00000000c2200000, 0x00000000c2200000|100%| O|  |TAMS 0x00000000c2200000, 0x00000000c2100000| Untracked 
|   4|0x00000000c2200000, 0x00000000c2300000, 0x00000000c2300000|100%| O|  |TAMS 0x00000000c2300000, 0x00000000c2200000| Untracked 
|   5|0x00000000c2300000, 0x00000000c2400000, 0x00000000c2400000|100%| O|  |TAMS 0x00000000c2400000, 0x00000000c2300000| Untracked 
|   6|0x00000000c2400000, 0x00000000c2500000, 0x00000000c2500000|100%| O|  |TAMS 0x00000000c2500000, 0x00000000c2400000| Untracked 
|   7|0x00000000c2500000, 0x00000000c2600000, 0x00000000c2600000|100%| O|  |TAMS 0x00000000c2600000, 0x00000000c2500000| Untracked 
|   8|0x00000000c2600000, 0x00000000c2700000, 0x00000000c2700000|100%| O|  |TAMS 0x00000000c2700000, 0x00000000c2600000| Untracked 
|   9|0x00000000c2700000, 0x00000000c2800000, 0x00000000c2800000|100%|HS|  |TAMS 0x00000000c2800000, 0x00000000c2700000| Complete 
|  10|0x00000000c2800000, 0x00000000c2900000, 0x00000000c2900000|100%|HC|  |TAMS 0x00000000c2900000, 0x00000000c2800000| Complete 
|  11|0x00000000c2900000, 0x00000000c2a00000, 0x00000000c2a00000|100%|HC|  |TAMS 0x00000000c2a00000, 0x00000000c2900000| Complete 
|  12|0x00000000c2a00000, 0x00000000c2b00000, 0x00000000c2b00000|100%|HS|  |TAMS 0x00000000c2b00000, 0x00000000c2a00000| Complete 
|  13|0x00000000c2b00000, 0x00000000c2c00000, 0x00000000c2c00000|100%|HC|  |TAMS 0x00000000c2c00000, 0x00000000c2b00000| Complete 
|  14|0x00000000c2c00000, 0x00000000c2d00000, 0x00000000c2d00000|100%|HC|  |TAMS 0x00000000c2d00000, 0x00000000c2c00000| Complete 
|  15|0x00000000c2d00000, 0x00000000c2e00000, 0x00000000c2e00000|100%| O|  |TAMS 0x00000000c2e00000, 0x00000000c2d00000| Untracked 
|  16|0x00000000c2e00000, 0x00000000c2f00000, 0x00000000c2f00000|100%| O|  |TAMS 0x00000000c2e4f200, 0x00000000c2e00000| Untracked 
|  17|0x00000000c2f00000, 0x00000000c3000000, 0x00000000c3000000|100%| O|  |TAMS 0x00000000c3000000, 0x00000000c2f00000| Untracked 
|  18|0x00000000c3000000, 0x00000000c3100000, 0x00000000c3100000|100%| O|  |TAMS 0x00000000c3100000, 0x00000000c3000000| Untracked 
|  19|0x00000000c3100000, 0x00000000c3200000, 0x00000000c3200000|100%| O|  |TAMS 0x00000000c3200000, 0x00000000c3100000| Untracked 
|  20|0x00000000c3200000, 0x00000000c3300000, 0x00000000c3300000|100%|HS|  |TAMS 0x00000000c3200000, 0x00000000c3200000| Complete 
|  21|0x00000000c3300000, 0x00000000c3400000, 0x00000000c3400000|100%|HC|  |TAMS 0x00000000c3300000, 0x00000000c3300000| Complete 
|  22|0x00000000c3400000, 0x00000000c3500000, 0x00000000c3500000|100%| O|  |TAMS 0x00000000c3400000, 0x00000000c3400000| Untracked 
|  23|0x00000000c3500000, 0x00000000c35b8400, 0x00000000c3600000| 71%| O|  |TAMS 0x00000000c3500000, 0x00000000c3500000| Untracked 
|  24|0x00000000c3600000, 0x00000000c3700000, 0x00000000c3700000|100%| O|  |TAMS 0x00000000c3700000, 0x00000000c3600000| Untracked 
|  25|0x00000000c3700000, 0x00000000c3800000, 0x00000000c3800000|100%| O|  |TAMS 0x00000000c3800000, 0x00000000c3700000| Untracked 
|  26|0x00000000c3800000, 0x00000000c3900000, 0x00000000c3900000|100%| O|  |TAMS 0x00000000c3900000, 0x00000000c3800000| Untracked 
|  27|0x00000000c3900000, 0x00000000c3a00000, 0x00000000c3a00000|100%| O|  |TAMS 0x00000000c3a00000, 0x00000000c3900000| Untracked 
|  28|0x00000000c3a00000, 0x00000000c3a00000, 0x00000000c3b00000|  0%| F|  |TAMS 0x00000000c3a00000, 0x00000000c3a00000| Untracked 
|  29|0x00000000c3b00000, 0x00000000c3b00000, 0x00000000c3c00000|  0%| F|  |TAMS 0x00000000c3b00000, 0x00000000c3b00000| Untracked 
|  30|0x00000000c3c00000, 0x00000000c3c00000, 0x00000000c3d00000|  0%| F|  |TAMS 0x00000000c3c00000, 0x00000000c3c00000| Untracked 
|  31|0x00000000c3d00000, 0x00000000c3d00000, 0x00000000c3e00000|  0%| F|  |TAMS 0x00000000c3d00000, 0x00000000c3d00000| Untracked 
|  32|0x00000000c3e00000, 0x00000000c3e00000, 0x00000000c3f00000|  0%| F|  |TAMS 0x00000000c3e00000, 0x00000000c3e00000| Untracked 
|  33|0x00000000c3f00000, 0x00000000c3f00000, 0x00000000c4000000|  0%| F|  |TAMS 0x00000000c3f00000, 0x00000000c3f00000| Untracked 
|  34|0x00000000c4000000, 0x00000000c4000000, 0x00000000c4100000|  0%| F|  |TAMS 0x00000000c4000000, 0x00000000c4000000| Untracked 
|  35|0x00000000c4100000, 0x00000000c4100000, 0x00000000c4200000|  0%| F|  |TAMS 0x00000000c4100000, 0x00000000c4100000| Untracked 
|  36|0x00000000c4200000, 0x00000000c4200000, 0x00000000c4300000|  0%| F|  |TAMS 0x00000000c4200000, 0x00000000c4200000| Untracked 
|  37|0x00000000c4300000, 0x00000000c4300000, 0x00000000c4400000|  0%| F|  |TAMS 0x00000000c4300000, 0x00000000c4300000| Untracked 
|  38|0x00000000c4400000, 0x00000000c4400000, 0x00000000c4500000|  0%| F|  |TAMS 0x00000000c4400000, 0x00000000c4400000| Untracked 
|  39|0x00000000c4500000, 0x00000000c4500000, 0x00000000c4600000|  0%| F|  |TAMS 0x00000000c4500000, 0x00000000c4500000| Untracked 
|  40|0x00000000c4600000, 0x00000000c4600000, 0x00000000c4700000|  0%| F|  |TAMS 0x00000000c4600000, 0x00000000c4600000| Untracked 
|  41|0x00000000c4700000, 0x00000000c4700000, 0x00000000c4800000|  0%| F|  |TAMS 0x00000000c4700000, 0x00000000c4700000| Untracked 
|  42|0x00000000c4800000, 0x00000000c4800000, 0x00000000c4900000|  0%| F|  |TAMS 0x00000000c4800000, 0x00000000c4800000| Untracked 
|  43|0x00000000c4900000, 0x00000000c4900000, 0x00000000c4a00000|  0%| F|  |TAMS 0x00000000c4900000, 0x00000000c4900000| Untracked 
|  44|0x00000000c4a00000, 0x00000000c4b00000, 0x00000000c4b00000|100%| S|CS|TAMS 0x00000000c4a00000, 0x00000000c4a00000| Complete 
|  45|0x00000000c4b00000, 0x00000000c4c00000, 0x00000000c4c00000|100%| S|CS|TAMS 0x00000000c4b00000, 0x00000000c4b00000| Complete 
|  46|0x00000000c4c00000, 0x00000000c4c00000, 0x00000000c4d00000|  0%| F|  |TAMS 0x00000000c4c00000, 0x00000000c4c00000| Untracked 
|  47|0x00000000c4d00000, 0x00000000c4d00000, 0x00000000c4e00000|  0%| F|  |TAMS 0x00000000c4d00000, 0x00000000c4d00000| Untracked 
|  48|0x00000000c4e00000, 0x00000000c4e00000, 0x00000000c4f00000|  0%| F|  |TAMS 0x00000000c4e00000, 0x00000000c4e00000| Untracked 
|  49|0x00000000c4f00000, 0x00000000c5000000, 0x00000000c5000000|100%| S|CS|TAMS 0x00000000c4f00000, 0x00000000c4f00000| Complete 
|  50|0x00000000c5000000, 0x00000000c5100000, 0x00000000c5100000|100%| S|CS|TAMS 0x00000000c5000000, 0x00000000c5000000| Complete 
|  51|0x00000000c5100000, 0x00000000c5100000, 0x00000000c5200000|  0%| F|  |TAMS 0x00000000c5100000, 0x00000000c5100000| Untracked 
|  52|0x00000000c5200000, 0x00000000c5200000, 0x00000000c5300000|  0%| F|  |TAMS 0x00000000c5200000, 0x00000000c5200000| Untracked 
|  53|0x00000000c5300000, 0x00000000c5300000, 0x00000000c5400000|  0%| F|  |TAMS 0x00000000c5300000, 0x00000000c5300000| Untracked 
|  54|0x00000000c5400000, 0x00000000c5400000, 0x00000000c5500000|  0%| F|  |TAMS 0x00000000c5400000, 0x00000000c5400000| Untracked 
|  55|0x00000000c5500000, 0x00000000c5500000, 0x00000000c5600000|  0%| F|  |TAMS 0x00000000c5500000, 0x00000000c5500000| Untracked 
|  56|0x00000000c5600000, 0x00000000c5600000, 0x00000000c5700000|  0%| F|  |TAMS 0x00000000c5600000, 0x00000000c5600000| Untracked 
|  57|0x00000000c5700000, 0x00000000c5700000, 0x00000000c5800000|  0%| F|  |TAMS 0x00000000c5700000, 0x00000000c5700000| Untracked 
|  58|0x00000000c5800000, 0x00000000c5800000, 0x00000000c5900000|  0%| F|  |TAMS 0x00000000c5800000, 0x00000000c5800000| Untracked 
|  59|0x00000000c5900000, 0x00000000c5900000, 0x00000000c5a00000|  0%| F|  |TAMS 0x00000000c5900000, 0x00000000c5900000| Untracked 
|  60|0x00000000c5a00000, 0x00000000c5a00000, 0x00000000c5b00000|  0%| F|  |TAMS 0x00000000c5a00000, 0x00000000c5a00000| Untracked 
|  61|0x00000000c5b00000, 0x00000000c5b00000, 0x00000000c5c00000|  0%| F|  |TAMS 0x00000000c5b00000, 0x00000000c5b00000| Untracked 
|  62|0x00000000c5c00000, 0x00000000c5c00000, 0x00000000c5d00000|  0%| F|  |TAMS 0x00000000c5c00000, 0x00000000c5c00000| Untracked 
|  63|0x00000000c5d00000, 0x00000000c5d00000, 0x00000000c5e00000|  0%| F|  |TAMS 0x00000000c5d00000, 0x00000000c5d00000| Untracked 
|  64|0x00000000c5e00000, 0x00000000c5e00000, 0x00000000c5f00000|  0%| F|  |TAMS 0x00000000c5e00000, 0x00000000c5e00000| Untracked 
|  65|0x00000000c5f00000, 0x00000000c5f00000, 0x00000000c6000000|  0%| F|  |TAMS 0x00000000c5f00000, 0x00000000c5f00000| Untracked 
|  66|0x00000000c6000000, 0x00000000c6000000, 0x00000000c6100000|  0%| F|  |TAMS 0x00000000c6000000, 0x00000000c6000000| Untracked 
|  67|0x00000000c6100000, 0x00000000c6100000, 0x00000000c6200000|  0%| F|  |TAMS 0x00000000c6100000, 0x00000000c6100000| Untracked 
|  68|0x00000000c6200000, 0x00000000c6200000, 0x00000000c6300000|  0%| F|  |TAMS 0x00000000c6200000, 0x00000000c6200000| Untracked 
|  69|0x00000000c6300000, 0x00000000c6300000, 0x00000000c6400000|  0%| F|  |TAMS 0x00000000c6300000, 0x00000000c6300000| Untracked 
|  70|0x00000000c6400000, 0x00000000c6400000, 0x00000000c6500000|  0%| F|  |TAMS 0x00000000c6400000, 0x00000000c6400000| Untracked 
|  71|0x00000000c6500000, 0x00000000c6500000, 0x00000000c6600000|  0%| F|  |TAMS 0x00000000c6500000, 0x00000000c6500000| Untracked 
|  72|0x00000000c6600000, 0x00000000c6600000, 0x00000000c6700000|  0%| F|  |TAMS 0x00000000c6600000, 0x00000000c6600000| Untracked 
|  73|0x00000000c6700000, 0x00000000c6700000, 0x00000000c6800000|  0%| F|  |TAMS 0x00000000c6700000, 0x00000000c6700000| Untracked 
|  74|0x00000000c6800000, 0x00000000c6800000, 0x00000000c6900000|  0%| F|  |TAMS 0x00000000c6800000, 0x00000000c6800000| Untracked 
|  75|0x00000000c6900000, 0x00000000c6985738, 0x00000000c6a00000| 52%| E|  |TAMS 0x00000000c6900000, 0x00000000c6900000| Complete 
|  76|0x00000000c6a00000, 0x00000000c6b00000, 0x00000000c6b00000|100%| E|CS|TAMS 0x00000000c6a00000, 0x00000000c6a00000| Complete 

Card table byte_map: [0x000001eed0020000,0x000001eed0220000] _byte_map_base: 0x000001eecfa11000

Marking Bits (Prev, Next): (CMBitMap*) 0x000001eebceaa590, (CMBitMap*) 0x000001eebceaa558
 Prev Bits: [0x000001eed13b0000, 0x000001eed2338000)
 Next Bits: [0x000001eed0420000, 0x000001eed13a8000)

Polling page: 0x000001eebb540000

Metaspace:

Usage:
  Non-class:     40.71 MB capacity,    40.43 MB (>99%) used,   215.34 KB ( <1%) free+waste,    69.38 KB ( <1%) overhead. 
      Class:      5.61 MB capacity,     5.36 MB ( 96%) used,   217.41 KB (  4%) free+waste,    31.56 KB ( <1%) overhead. 
       Both:     46.32 MB capacity,    45.80 MB ( 99%) used,   432.75 KB ( <1%) free+waste,   100.94 KB ( <1%) overhead. 

Virtual space:
  Non-class space:       42.00 MB reserved,      40.90 MB ( 97%) committed 
      Class space:        1.00 GB reserved,       5.63 MB ( <1%) committed 
             Both:        1.04 GB reserved,      46.53 MB (  4%) committed 

Chunk freelists:
   Non-Class:  4.00 KB
       Class:  20.00 KB
        Both:  24.00 KB

MaxMetaspaceSize: 17179869184.00 GB
CompressedClassSpaceSize: 1.00 GB

CodeHeap 'non-profiled nmethods': size=120064Kb used=1208Kb max_used=1208Kb free=118856Kb
 bounds [0x000001eec82c0000, 0x000001eec8530000, 0x000001eecf800000]
CodeHeap 'profiled nmethods': size=120000Kb used=7598Kb max_used=7598Kb free=112401Kb
 bounds [0x000001eec0d90000, 0x000001eec1500000, 0x000001eec82c0000]
CodeHeap 'non-nmethods': size=5696Kb used=1167Kb max_used=1203Kb free=4528Kb
 bounds [0x000001eec0800000, 0x000001eec0a70000, 0x000001eec0d90000]
 total_blobs=4068 nmethods=3541 adapters=439
 compilation: enabled
              stopped_count=0, restarted_count=0
 full_count=0

Compilation events (20 events):
Event: 8.141 Thread 0x000001eed510c000 3554       2       org.jetbrains.kotlin.com.intellij.lang.impl.PsiBuilderImpl$RelativeTokenTypesView::get (15 bytes)
Event: 8.141 Thread 0x000001eed510c000 nmethod 3554 0x000001eec14eeb10 code [0x000001eec14eecc0, 0x000001eec14eedf8]
Event: 8.141 Thread 0x000001eed510c000 3555       2       org.jetbrains.kotlin.com.intellij.lang.WhitespacesBinders$1::getEdgePosition (7 bytes)
Event: 8.141 Thread 0x000001eed510c000 nmethod 3555 0x000001eec14eef10 code [0x000001eec14ef0c0, 0x000001eec14ef1e8]
Event: 8.141 Thread 0x000001eed510c000 3556       2       org.jetbrains.kotlin.com.intellij.lang.impl.PsiBuilderImpl::getASTFactory (22 bytes)
Event: 8.142 Thread 0x000001eed510c000 nmethod 3556 0x000001eec14ef290 code [0x000001eec14ef440, 0x000001eec14ef5d8]
Event: 8.155 Thread 0x000001eed510c000 3557       2       org.jetbrains.kotlin.com.intellij.lang.ASTFactory::composite (72 bytes)
Event: 8.157 Thread 0x000001eed510c000 nmethod 3557 0x000001eec14ef690 code [0x000001eec14ef940, 0x000001eec14f0208]
Event: 8.157 Thread 0x000001eed510c000 3558       2       gnu.trove.TIntObjectHashMap::capacity (6 bytes)
Event: 8.157 Thread 0x000001eed510c000 nmethod 3558 0x000001eec14f0590 code [0x000001eec14f0740, 0x000001eec14f0838]
Event: 8.184 Thread 0x000001eed510c000 3559       2       org.jetbrains.kotlin.com.intellij.psi.impl.source.tree.CompositeElement::setPsi (33 bytes)
Event: 8.185 Thread 0x000001eed510c000 nmethod 3559 0x000001eec14f0910 code [0x000001eec14f0b40, 0x000001eec14f0e88]
Event: 8.185 Thread 0x000001eed510c000 3560       2       org.jetbrains.kotlin.com.intellij.psi.impl.source.tree.JavaASTFactory::createLeaf (135 bytes)
Event: 8.187 Thread 0x000001eed510c000 nmethod 3560 0x000001eec14f1090 code [0x000001eec14f1380, 0x000001eec14f2028]
Event: 8.197 Thread 0x000001eed510c000 3561       2       org.jetbrains.kotlin.com.intellij.psi.impl.source.tree.JavaElementType$JavaCompositeElementType::createCompositeNode (21 bytes)
Event: 8.197 Thread 0x000001eed510c000 nmethod 3561 0x000001eec14f2490 code [0x000001eec14f2660, 0x000001eec14f2818]
Event: 8.197 Thread 0x000001eed510c000 3562       2       org.jetbrains.kotlin.com.intellij.psi.impl.source.tree.CompositePsiElement::<init> (11 bytes)
Event: 8.199 Thread 0x000001eed510c000 nmethod 3562 0x000001eec14f2910 code [0x000001eec14f2b40, 0x000001eec14f2fd8]
Event: 8.199 Thread 0x000001eed510c000 3563       2       java.lang.ThreadLocal$ThreadLocalMap::nextIndex (15 bytes)
Event: 8.199 Thread 0x000001eed510c000 nmethod 3563 0x000001eec14f3210 code [0x000001eec14f33c0, 0x000001eec14f34b8]

GC Heap History (17 events):
Event: 1.753 GC heap before
{Heap before GC invocations=0 (full 0):
 garbage-first heap   total 65536K, used 17408K [0x00000000c1e00000, 0x0000000100000000)
  region size 1024K, 14 young (14336K), 0 survivors (0K)
 Metaspace       used 9807K, capacity 9871K, committed 10112K, reserved 1058816K
  class space    used 828K, capacity 884K, committed 896K, reserved 1048576K
}
Event: 1.760 GC heap after
{Heap after GC invocations=1 (full 0):
 garbage-first heap   total 65536K, used 5140K [0x00000000c1e00000, 0x0000000100000000)
  region size 1024K, 2 young (2048K), 2 survivors (2048K)
 Metaspace       used 9807K, capacity 9871K, committed 10112K, reserved 1058816K
  class space    used 828K, capacity 884K, committed 896K, reserved 1048576K
}
Event: 3.327 GC heap before
{Heap before GC invocations=1 (full 0):
 garbage-first heap   total 65536K, used 42004K [0x00000000c1e00000, 0x0000000100000000)
  region size 1024K, 38 young (38912K), 2 survivors (2048K)
 Metaspace       used 18604K, capacity 18798K, committed 18944K, reserved 1067008K
  class space    used 1916K, capacity 2002K, committed 2048K, reserved 1048576K
}
Event: 3.348 GC heap after
{Heap after GC invocations=2 (full 0):
 garbage-first heap   total 65536K, used 8948K [0x00000000c1e00000, 0x0000000100000000)
  region size 1024K, 5 young (5120K), 5 survivors (5120K)
 Metaspace       used 18604K, capacity 18798K, committed 18944K, reserved 1067008K
  class space    used 1916K, capacity 2002K, committed 2048K, reserved 1048576K
}
Event: 3.626 GC heap before
{Heap before GC invocations=2 (full 0):
 garbage-first heap   total 65536K, used 17140K [0x00000000c1e00000, 0x0000000100000000)
  region size 1024K, 14 young (14336K), 5 survivors (5120K)
 Metaspace       used 20996K, capacity 21190K, committed 21248K, reserved 1069056K
  class space    used 2215K, capacity 2297K, committed 2304K, reserved 1048576K
}
Event: 3.642 GC heap after
{Heap after GC invocations=3 (full 0):
 garbage-first heap   total 65536K, used 9698K [0x00000000c1e00000, 0x0000000100000000)
  region size 1024K, 1 young (1024K), 1 survivors (1024K)
 Metaspace       used 20996K, capacity 21190K, committed 21248K, reserved 1069056K
  class space    used 2215K, capacity 2297K, committed 2304K, reserved 1048576K
}
Event: 4.416 GC heap before
{Heap before GC invocations=4 (full 0):
 garbage-first heap   total 65536K, used 38370K [0x00000000c1e00000, 0x0000000100000000)
  region size 1024K, 23 young (23552K), 1 survivors (1024K)
 Metaspace       used 26691K, capacity 27082K, committed 27388K, reserved 1073152K
  class space    used 2840K, capacity 3017K, committed 3072K, reserved 1048576K
}
Event: 4.421 GC heap after
{Heap after GC invocations=5 (full 0):
 garbage-first heap   total 65536K, used 17281K [0x00000000c1e00000, 0x0000000100000000)
  region size 1024K, 3 young (3072K), 3 survivors (3072K)
 Metaspace       used 26691K, capacity 27082K, committed 27388K, reserved 1073152K
  class space    used 2840K, capacity 3017K, committed 3072K, reserved 1048576K
}
Event: 5.137 GC heap before
{Heap before GC invocations=5 (full 0):
 garbage-first heap   total 65536K, used 41857K [0x00000000c1e00000, 0x0000000100000000)
  region size 1024K, 25 young (25600K), 3 survivors (3072K)
 Metaspace       used 29724K, capacity 30141K, committed 30332K, reserved 1075200K
  class space    used 3498K, capacity 3675K, committed 3712K, reserved 1048576K
}
Event: 5.155 GC heap after
{Heap after GC invocations=6 (full 0):
 garbage-first heap   total 65536K, used 24202K [0x00000000c1e00000, 0x0000000100000000)
  region size 1024K, 4 young (4096K), 4 survivors (4096K)
 Metaspace       used 29724K, capacity 30141K, committed 30332K, reserved 1075200K
  class space    used 3498K, capacity 3675K, committed 3712K, reserved 1048576K
}
Event: 5.725 GC heap before
{Heap before GC invocations=6 (full 0):
 garbage-first heap   total 65536K, used 47754K [0x00000000c1e00000, 0x0000000100000000)
  region size 1024K, 23 young (23552K), 4 survivors (4096K)
 Metaspace       used 33120K, capacity 33544K, committed 33788K, reserved 1079296K
  class space    used 3898K, capacity 4062K, committed 4096K, reserved 1048576K
}
Event: 5.743 GC heap after
{Heap after GC invocations=7 (full 0):
 garbage-first heap   total 65536K, used 26353K [0x00000000c1e00000, 0x0000000100000000)
  region size 1024K, 3 young (3072K), 3 survivors (3072K)
 Metaspace       used 33120K, capacity 33544K, committed 33788K, reserved 1079296K
  class space    used 3898K, capacity 4062K, committed 4096K, reserved 1048576K
}
Event: 6.088 GC heap before
{Heap before GC invocations=7 (full 0):
 garbage-first heap   total 65536K, used 38641K [0x00000000c1e00000, 0x0000000100000000)
  region size 1024K, 16 young (16384K), 3 survivors (3072K)
 Metaspace       used 35507K, capacity 35951K, committed 36048K, reserved 1081344K
  class space    used 4148K, capacity 4328K, committed 4352K, reserved 1048576K
}
Event: 6.099 GC heap after
{Heap after GC invocations=8 (full 0):
 garbage-first heap   total 78848K, used 25685K [0x00000000c1e00000, 0x0000000100000000)
  region size 1024K, 2 young (2048K), 2 survivors (2048K)
 Metaspace       used 35507K, capacity 35951K, committed 36048K, reserved 1081344K
  class space    used 4148K, capacity 4328K, committed 4352K, reserved 1048576K
}
Event: 6.759 GC heap before
{Heap before GC invocations=9 (full 0):
 garbage-first heap   total 78848K, used 50261K [0x00000000c1e00000, 0x0000000100000000)
  region size 1024K, 27 young (27648K), 2 survivors (2048K)
 Metaspace       used 40478K, capacity 40962K, committed 41244K, reserved 1085440K
  class space    used 4765K, capacity 4973K, committed 4992K, reserved 1048576K
}
Event: 6.772 GC heap after
{Heap after GC invocations=10 (full 0):
 garbage-first heap   total 78848K, used 27265K [0x00000000c1e00000, 0x0000000100000000)
  region size 1024K, 4 young (4096K), 4 survivors (4096K)
 Metaspace       used 40478K, capacity 40962K, committed 41244K, reserved 1085440K
  class space    used 4765K, capacity 4973K, committed 4992K, reserved 1048576K
}
Event: 8.237 GC heap before
{Heap before GC invocations=11 (full 0):
 garbage-first heap   total 78848K, used 53889K [0x00000000c1e00000, 0x0000000100000000)
  region size 1024K, 29 young (29696K), 4 survivors (4096K)
 Metaspace       used 46527K, capacity 47062K, committed 47132K, reserved 1091584K
  class space    used 5455K, capacity 5703K, committed 5760K, reserved 1048576K
}

Deoptimization events (20 events):
Event: 7.771 Thread 0x000001eebce7b000 Uncommon trap: trap_request=0xffffffc6 fr.pc=0x000001eec839a230 relative=0x0000000000000530
Event: 7.771 Thread 0x000001eebce7b000 Uncommon trap: reason=bimorphic_or_optimized_type_check action=maybe_recompile pc=0x000001eec839a230 method=org.jetbrains.kotlin.protobuf.CodedInputStream.tryRefillBuffer(I)Z @ 177 c2
Event: 7.771 Thread 0x000001eebce7b000 DEOPT PACKING pc=0x000001eec839a230 sp=0x00000078527fd190
Event: 7.771 Thread 0x000001eebce7b000 DEOPT UNPACKING pc=0x000001eec08268a9 sp=0x00000078527fd078 mode 2
Event: 7.771 Thread 0x000001eebce7b000 Uncommon trap: trap_request=0xffffffc6 fr.pc=0x000001eec839a230 relative=0x0000000000000530
Event: 7.771 Thread 0x000001eebce7b000 Uncommon trap: reason=bimorphic_or_optimized_type_check action=maybe_recompile pc=0x000001eec839a230 method=org.jetbrains.kotlin.protobuf.CodedInputStream.tryRefillBuffer(I)Z @ 177 c2
Event: 7.771 Thread 0x000001eebce7b000 DEOPT PACKING pc=0x000001eec839a230 sp=0x00000078527fd2a0
Event: 7.771 Thread 0x000001eebce7b000 DEOPT UNPACKING pc=0x000001eec08268a9 sp=0x00000078527fd188 mode 2
Event: 7.771 Thread 0x000001eebce7b000 Uncommon trap: trap_request=0xffffffc6 fr.pc=0x000001eec839a230 relative=0x0000000000000530
Event: 7.771 Thread 0x000001eebce7b000 Uncommon trap: reason=bimorphic_or_optimized_type_check action=maybe_recompile pc=0x000001eec839a230 method=org.jetbrains.kotlin.protobuf.CodedInputStream.tryRefillBuffer(I)Z @ 177 c2
Event: 7.771 Thread 0x000001eebce7b000 DEOPT PACKING pc=0x000001eec839a230 sp=0x00000078527fd2a0
Event: 7.771 Thread 0x000001eebce7b000 DEOPT UNPACKING pc=0x000001eec08268a9 sp=0x00000078527fd188 mode 2
Event: 7.849 Thread 0x000001eebce7b000 DEOPT PACKING pc=0x000001eec131c17f sp=0x00000078527fbe60
Event: 7.849 Thread 0x000001eebce7b000 DEOPT UNPACKING pc=0x000001eec08266bf sp=0x00000078527fb2b0 mode 0
Event: 7.942 Thread 0x000001eebce7b000 DEOPT PACKING pc=0x000001eec119c074 sp=0x00000078527fbf30
Event: 7.942 Thread 0x000001eebce7b000 DEOPT UNPACKING pc=0x000001eec08266bf sp=0x00000078527fb4d0 mode 0
Event: 8.139 Thread 0x000001eebce7b000 Uncommon trap: trap_request=0xffffff4d fr.pc=0x000001eec83df8e8 relative=0x00000000000008e8
Event: 8.139 Thread 0x000001eebce7b000 Uncommon trap: reason=unstable_if action=reinterpret pc=0x000001eec83df8e8 method=org.jetbrains.kotlin.com.intellij.lang.impl.PsiBuilderImpl.calcTokenType()Lorg/jetbrains/kotlin/com/intellij/psi/tree/IElementType; @ 4 c2
Event: 8.139 Thread 0x000001eebce7b000 DEOPT PACKING pc=0x000001eec83df8e8 sp=0x00000078527fcf30
Event: 8.139 Thread 0x000001eebce7b000 DEOPT UNPACKING pc=0x000001eec08268a9 sp=0x00000078527fced0 mode 2

Classes redefined (0 events):
No events

Internal exceptions (20 events):
Event: 3.500 Thread 0x000001eebce7b000 Exception <a 'java/lang/NoSuchMethodError'{0x00000000c59be2f0}: 'long java.lang.invoke.DirectMethodHandle$Holder.invokeStatic(java.lang.Object)'> (0x00000000c59be2f0) thrown at [./src/hotspot/share/interpreter/linkResolver.cpp, line 773]
Event: 3.500 Thread 0x000001eebce7b000 Exception <a 'java/lang/NoSuchMethodError'{0x00000000c59c1148}: 'long java.lang.invoke.DirectMethodHandle$Holder.invokeStaticInit(java.lang.Object)'> (0x00000000c59c1148) thrown at [./src/hotspot/share/interpreter/linkResolver.cpp, line 773]
Event: 3.604 Thread 0x000001eebce7b000 Exception <a 'java/lang/NoSuchMethodError'{0x00000000c552cc40}: 'int java.lang.invoke.DirectMethodHandle$Holder.invokeStaticInit(java.lang.Object, java.lang.Object, java.lang.Object)'> (0x00000000c552cc40) thrown at [./src/hotspot/share/interpreter/linkResolver.cpp, line 773]
Event: 3.612 Thread 0x000001eebce7b000 Exception <a 'java/lang/NoSuchMethodError'{0x00000000c55583e8}: 'int java.lang.invoke.DirectMethodHandle$Holder.invokeStaticInit(java.lang.Object, java.lang.Object)'> (0x00000000c55583e8) thrown at [./src/hotspot/share/interpreter/linkResolver.cpp, line 773]
Event: 4.123 Thread 0x000001eebce7b000 Exception <a 'java/lang/NoSuchMethodError'{0x00000000c535ed40}: 'java.lang.Object java.lang.invoke.DirectMethodHandle$Holder.invokeStatic(java.lang.Object, java.lang.Object, java.lang.Object, java.lang.Object, java.lang.Object, java.lang.Object, java.lang.Object, java.lang.Object, java.lang.Object, java.lang.Object, java.lang.Object, java.lang.Object, java.lang.Object, java.lang.Object, java.lang.Object)'> (0x00000000c535ed40) thrown at [./src/hotspot/share/interpreter/linkResolver.cpp, line 773]
Event: 4.126 Thread 0x000001eebce7b000 Exception <a 'java/lang/NoSuchMethodError'{0x00000000c536d0e0}: 'java.lang.Object java.lang.invoke.DirectMethodHandle$Holder.invokeStatic(java.lang.Object, java.lang.Object, java.lang.Object, java.lang.Object, java.lang.Object, java.lang.Object, java.lang.Object, java.lang.Object, java.lang.Object, java.lang.Object, java.lang.Object, java.lang.Object, java.lang.Object, java.lang.Object, java.lang.Object, java.lang.Object)'> (0x00000000c536d0e0) thrown at [./src/hotspot/share/interpreter/linkResolver.cpp, l
Event: 4.128 Thread 0x000001eebce7b000 Exception <a 'java/lang/NoSuchMethodError'{0x00000000c537b240}: 'java.lang.Object java.lang.invoke.DirectMethodHandle$Holder.invokeSpecial(java.lang.Object, java.lang.Object, int, int, java.lang.Object, java.lang.Object, java.lang.Object)'> (0x00000000c537b240) thrown at [./src/hotspot/share/interpreter/linkResolver.cpp, line 773]
Event: 4.128 Thread 0x000001eebce7b000 Exception <a 'java/lang/NoSuchMethodError'{0x00000000c537ea78}: 'java.lang.Object java.lang.invoke.DelegatingMethodHandle$Holder.reinvoke_L(java.lang.Object, int, int, java.lang.Object, java.lang.Object, java.lang.Object)'> (0x00000000c537ea78) thrown at [./src/hotspot/share/interpreter/linkResolver.cpp, line 773]
Event: 4.129 Thread 0x000001eebce7b000 Exception <a 'java/lang/NoSuchMethodError'{0x00000000c5382e00}: 'java.lang.Object java.lang.invoke.DirectMethodHandle$Holder.invokeStatic(java.lang.Object, java.lang.Object, java.lang.Object, java.lang.Object, int)'> (0x00000000c5382e00) thrown at [./src/hotspot/share/interpreter/linkResolver.cpp, line 773]
Event: 4.192 Thread 0x000001eebce7b000 Implicit null exception at 0x000001eec83467ac to 0x000001eec83468da
Event: 4.231 Thread 0x000001eebce7b000 Exception <a 'java/lang/NoSuchMethodError'{0x00000000c4eeb638}: 'void java.lang.invoke.DirectMethodHandle$Holder.invokeStatic(java.lang.Object, java.lang.Object, java.lang.Object, java.lang.Object)'> (0x00000000c4eeb638) thrown at [./src/hotspot/share/interpreter/linkResolver.cpp, line 773]
Event: 4.270 Thread 0x000001eebce7b000 Exception <a 'java/lang/NoSuchMethodError'{0x00000000c4c73be0}: 'void java.lang.invoke.DirectMethodHandle$Holder.invokeSpecial(java.lang.Object, java.lang.Object)'> (0x00000000c4c73be0) thrown at [./src/hotspot/share/interpreter/linkResolver.cpp, line 773]
Event: 4.328 Thread 0x000001eebce7b000 Exception <a 'java/lang/NoSuchMethodError'{0x00000000c4917e00}: 'void java.lang.invoke.DirectMethodHandle$Holder.invokeStaticInit(java.lang.Object, java.lang.Object)'> (0x00000000c4917e00) thrown at [./src/hotspot/share/interpreter/linkResolver.cpp, line 773]
Event: 4.340 Thread 0x000001eebce7b000 Exception <a 'java/lang/NoSuchMethodError'{0x00000000c49561b8}: 'void java.lang.invoke.DirectMethodHandle$Holder.invokeInterface(java.lang.Object, java.lang.Object)'> (0x00000000c49561b8) thrown at [./src/hotspot/share/interpreter/linkResolver.cpp, line 773]
Event: 4.488 Thread 0x000001eebce7b000 Exception <a 'java/lang/NoSuchMethodError'{0x00000000c5cd6200}: 'void java.lang.invoke.DirectMethodHandle$Holder.invokeVirtual(java.lang.Object, java.lang.Object)'> (0x00000000c5cd6200) thrown at [./src/hotspot/share/interpreter/linkResolver.cpp, line 773]
Event: 4.504 Thread 0x000001eebce7b000 Exception <a 'java/lang/NoSuchMethodError'{0x00000000c5b4f938}: 'int java.lang.invoke.DirectMethodHandle$Holder.invokeVirtual(java.lang.Object, java.lang.Object)'> (0x00000000c5b4f938) thrown at [./src/hotspot/share/interpreter/linkResolver.cpp, line 773]
Event: 5.760 Thread 0x000001eebce7b000 Exception <a 'java/lang/NoSuchMethodError'{0x00000000c5da0c18}: 'java.lang.Object java.lang.invoke.DirectMethodHandle$Holder.invokeVirtual(java.lang.Object, java.lang.Object, java.lang.Object)'> (0x00000000c5da0c18) thrown at [./src/hotspot/share/interpreter/linkResolver.cpp, line 773]
Event: 7.407 Thread 0x000001eebce7b000 Implicit null exception at 0x000001eec83ccfc2 to 0x000001eec83cd134
Event: 7.422 Thread 0x000001eebce7b000 Implicit null exception at 0x000001eec83d0c70 to 0x000001eec83d0d30
Event: 7.478 Thread 0x000001eebce7b000 Exception <a 'java/lang/NoSuchMethodError'{0x00000000c678f070}: 'java.lang.Object java.lang.invoke.Invokers$Holder.linkToTargetMethod(java.lang.Object, int, java.lang.Object)'> (0x00000000c678f070) thrown at [./src/hotspot/share/interpreter/linkResolver.cpp, line 773]

Events (20 events):
Event: 8.223 loading class org/jetbrains/kotlin/com/intellij/psi/impl/source/tree/JavaSourceUtil$1 done
Event: 8.224 loading class org/jetbrains/kotlin/com/intellij/util/WalkingState
Event: 8.224 loading class org/jetbrains/kotlin/com/intellij/util/WalkingState done
Event: 8.225 loading class org/jetbrains/kotlin/com/intellij/psi/impl/source/tree/RecursiveTreeElementWalkingVisitor$1
Event: 8.225 loading class org/jetbrains/kotlin/com/intellij/psi/impl/source/tree/RecursiveTreeElementWalkingVisitor$1 done
Event: 8.228 loading class org/jetbrains/kotlin/com/intellij/psi/impl/source/tree/RecursiveTreeElementWalkingVisitor$ASTTreeGuide
Event: 8.228 loading class org/jetbrains/kotlin/com/intellij/psi/impl/source/tree/RecursiveTreeElementWalkingVisitor$ASTTreeGuide done
Event: 8.229 loading class org/jetbrains/kotlin/com/intellij/psi/impl/PsiImplUtil
Event: 8.229 loading class org/jetbrains/kotlin/com/intellij/psi/impl/PsiImplUtil done
Event: 8.235 loading class org/jetbrains/kotlin/com/intellij/psi/impl/source/tree/java/PsiTypeParameterListImpl
Event: 8.235 loading class org/jetbrains/kotlin/com/intellij/psi/impl/source/tree/java/PsiTypeParameterListImpl done
Event: 8.236 loading class org/jetbrains/kotlin/com/intellij/psi/PsiTypeParameter
Event: 8.236 loading class org/jetbrains/kotlin/com/intellij/psi/PsiTypeParameter done
Event: 8.236 loading class org/jetbrains/kotlin/com/intellij/psi/PsiTypeParameter
Event: 8.236 loading class org/jetbrains/kotlin/com/intellij/psi/PsiTypeParameter done
Event: 8.236 loading class org/jetbrains/kotlin/com/intellij/util/ArrayFactory
Event: 8.236 loading class org/jetbrains/kotlin/com/intellij/util/ArrayFactory done
Event: 8.237 loading class org/jetbrains/kotlin/load/java/structure/impl/JavaElementCollectionFromPsiArrayUtil
Event: 8.237 loading class org/jetbrains/kotlin/load/java/structure/impl/JavaElementCollectionFromPsiArrayUtil done
Event: 8.237 Executing VM operation: G1CollectForAllocation


Dynamic libraries:
0x00007ff755fa0000 - 0x00007ff755faa000 	C:\Program Files\Android\Android Studio\jre\bin\java.exe
0x00007ffa887f0000 - 0x00007ffa889e5000 	C:\WINDOWS\SYSTEM32\ntdll.dll
0x00007ffa88550000 - 0x00007ffa8860d000 	C:\WINDOWS\System32\KERNEL32.DLL
0x00007ffa86190000 - 0x00007ffa86458000 	C:\WINDOWS\System32\KERNELBASE.dll
0x00007ffa866a0000 - 0x00007ffa867a0000 	C:\WINDOWS\System32\ucrtbase.dll
0x00007ffa79380000 - 0x00007ffa79397000 	C:\Program Files\Android\Android Studio\jre\bin\VCRUNTIME140.dll
0x00007ffa7ba50000 - 0x00007ffa7ba69000 	C:\Program Files\Android\Android Studio\jre\bin\jli.dll
0x00007ffa86a90000 - 0x00007ffa86c30000 	C:\WINDOWS\System32\USER32.dll
0x00007ffa86110000 - 0x00007ffa86132000 	C:\WINDOWS\System32\win32u.dll
0x00007ffa706e0000 - 0x00007ffa7097a000 	C:\WINDOWS\WinSxS\amd64_microsoft.windows.common-controls_6595b64144ccf1df_6.0.19041.844_none_ca00b6081b84eb1d\COMCTL32.dll
0x00007ffa87de0000 - 0x00007ffa87e0a000 	C:\WINDOWS\System32\GDI32.dll
0x00007ffa88490000 - 0x00007ffa8852e000 	C:\WINDOWS\System32\msvcrt.dll
0x00007ffa85f30000 - 0x00007ffa8603b000 	C:\WINDOWS\System32\gdi32full.dll
0x00007ffa86040000 - 0x00007ffa860dd000 	C:\WINDOWS\System32\msvcp_win.dll
0x00007ffa886d0000 - 0x00007ffa88700000 	C:\WINDOWS\System32\IMM32.DLL
0x00007ffa5a880000 - 0x00007ffa5a91d000 	C:\Program Files\Android\Android Studio\jre\bin\msvcp140.dll
0x00007ffa4d1a0000 - 0x00007ffa4dc5c000 	C:\Program Files\Android\Android Studio\jre\bin\server\jvm.dll
0x00007ffa86c30000 - 0x00007ffa86cdc000 	C:\WINDOWS\System32\ADVAPI32.dll
0x00007ffa87c60000 - 0x00007ffa87cfb000 	C:\WINDOWS\System32\sechost.dll
0x00007ffa86850000 - 0x00007ffa8697b000 	C:\WINDOWS\System32\RPCRT4.dll
0x00007ffa87490000 - 0x00007ffa87498000 	C:\WINDOWS\System32\PSAPI.DLL
0x00007ffa7ba00000 - 0x00007ffa7ba27000 	C:\WINDOWS\SYSTEM32\WINMM.dll
0x00007ffa81470000 - 0x00007ffa81479000 	C:\WINDOWS\SYSTEM32\WSOCK32.dll
0x00007ffa87bf0000 - 0x00007ffa87c5b000 	C:\WINDOWS\System32\WS2_32.dll
0x00007ffa72930000 - 0x00007ffa7293a000 	C:\WINDOWS\SYSTEM32\VERSION.dll
0x00007ffa84800000 - 0x00007ffa84812000 	C:\WINDOWS\SYSTEM32\kernel.appcore.dll
0x00007ffa7ed60000 - 0x00007ffa7ed71000 	C:\Program Files\Android\Android Studio\jre\bin\verify.dll
0x00007ffa83d00000 - 0x00007ffa83ee4000 	C:\WINDOWS\SYSTEM32\DBGHELP.DLL
0x00007ffa7eae0000 - 0x00007ffa7eb0c000 	C:\WINDOWS\SYSTEM32\dbgcore.DLL
0x00007ffa864c0000 - 0x00007ffa86540000 	C:\WINDOWS\System32\bcryptPrimitives.dll
0x00007ffa79c20000 - 0x00007ffa79c49000 	C:\Program Files\Android\Android Studio\jre\bin\java.dll
0x00007ffa7f9a0000 - 0x00007ffa7f9ab000 	C:\Program Files\Android\Android Studio\jre\bin\jimage.dll
0x00007ffa7ba30000 - 0x00007ffa7ba48000 	C:\Program Files\Android\Android Studio\jre\bin\zip.dll
0x00007ffa874a0000 - 0x00007ffa87be2000 	C:\WINDOWS\System32\SHELL32.dll
0x00007ffa83ff0000 - 0x00007ffa84780000 	C:\WINDOWS\SYSTEM32\windows.storage.dll
0x00007ffa87f00000 - 0x00007ffa88255000 	C:\WINDOWS\System32\combase.dll
0x00007ffa858d0000 - 0x00007ffa858fc000 	C:\WINDOWS\SYSTEM32\Wldp.dll
0x00007ffa869e0000 - 0x00007ffa86a8e000 	C:\WINDOWS\System32\SHCORE.dll
0x00007ffa88670000 - 0x00007ffa886c5000 	C:\WINDOWS\System32\shlwapi.dll
0x00007ffa85e70000 - 0x00007ffa85e8f000 	C:\WINDOWS\SYSTEM32\profapi.dll
0x00007ffa79bd0000 - 0x00007ffa79bea000 	C:\Program Files\Android\Android Studio\jre\bin\net.dll
0x00007ffa7f790000 - 0x00007ffa7f89b000 	C:\WINDOWS\SYSTEM32\WINHTTP.dll
0x00007ffa85640000 - 0x00007ffa856aa000 	C:\WINDOWS\system32\mswsock.dll
0x00007ffa79920000 - 0x00007ffa79934000 	C:\Program Files\Android\Android Studio\jre\bin\nio.dll

dbghelp: loaded successfully - version: 4.0.5 - missing functions: none
symbol engine: initialized successfully - sym options: 0x614 - pdb path: .;C:\Program Files\Android\Android Studio\jre\bin;C:\WINDOWS\SYSTEM32;C:\WINDOWS\WinSxS\amd64_microsoft.windows.common-controls_6595b64144ccf1df_6.0.19041.844_none_ca00b6081b84eb1d;C:\Program Files\Android\Android Studio\jre\bin\server

VM Arguments:
java_command: org.jetbrains.kotlin.cli.jvm.K2JVMCompiler @C:\Users\nschu\Desktop\FSP App\IconFinder\app\build\20210618_18222113601280051451.compiler.options
java_class_path (initial): C:\Users\nschu\.gradle\caches\modules-2\files-2.1\org.jetbrains.kotlin\kotlin-compiler-embeddable\1.5.0\6e53e0ca3cf7eff1a4df71171c8f9604b983e1d6\kotlin-compiler-embeddable-1.5.0.jar;C:\Users\nschu\.gradle\caches\modules-2\files-2.1\org.jetbrains.kotlin\kotlin-reflect\1.5.0\47806fe8ed30dbdf9e697eda5e9c9a3905ff3363\kotlin-reflect-1.5.0.jar;C:\Users\nschu\.gradle\caches\modules-2\files-2.1\org.jetbrains.kotlin\kotlin-stdlib\1.5.0\29dae2501ca094416d15af0e21470cb634780444\kotlin-stdlib-1.5.0.jar;C:\Users\nschu\.gradle\caches\modules-2\files-2.1\org.jetbrains.kotlin\kotlin-script-runtime\1.5.0\a2d66828077376fc1851a6fdbf25865935f4101d\kotlin-script-runtime-1.5.0.jar;C:\Users\nschu\.gradle\caches\modules-2\files-2.1\org.jetbrains.kotlin\kotlin-daemon-embeddable\1.5.0\7f3567acfef59ff865a99a584d814bde87226dd5\kotlin-daemon-embeddable-1.5.0.jar;C:\Users\nschu\.gradle\caches\modules-2\files-2.1\org.jetbrains.intellij.deps\trove4j\1.0.20181211\216c2e14b070f334479d800987affe4054cd563f\trove4j-1.0.20181211.jar;C:\Users\nschu\.gradle\caches\modules-2\files-2.1\org.jetbrains\annotations\13.0\919f0dfe192fb4e063e7dacadee7f8bb9a2672a9\annotations-13.0.jar;C:\Users\nschu\.gradle\caches\modules-2\files-2.1\org.jetbrains.kotlin\kotlin-stdlib-common\1.5.0\4080d69efca5e39e9b4972f125e40f1607bd6460\kotlin-stdlib-common-1.5.0.jar
Launcher Type: SUN_STANDARD

[Global flags]
     intx CICompilerCount                          = 3                                         {product} {ergonomic}
     uint ConcGCThreads                            = 1                                         {product} {ergonomic}
     uint G1ConcRefinementThreads                  = 4                                         {product} {ergonomic}
   size_t G1HeapRegionSize                         = 1048576                                   {product} {ergonomic}
    uintx GCDrainStackTargetSize                   = 64                                        {product} {ergonomic}
   size_t InitialHeapSize                          = 67108864                                  {product} {ergonomic}
   size_t MarkStackSize                            = 4194304                                   {product} {ergonomic}
   size_t MaxHeapSize                              = 1042284544                                {product} {ergonomic}
   size_t MaxNewSize                               = 624951296                                 {product} {ergonomic}
   size_t MinHeapDeltaBytes                        = 1048576                                   {product} {ergonomic}
    uintx NonNMethodCodeHeapSize                   = 5830732                                {pd product} {ergonomic}
    uintx NonProfiledCodeHeapSize                  = 122913754                              {pd product} {ergonomic}
    uintx ProfiledCodeHeapSize                     = 122913754                              {pd product} {ergonomic}
    uintx ReservedCodeCacheSize                    = 251658240                              {pd product} {ergonomic}
     bool SegmentedCodeCache                       = true                                      {product} {ergonomic}
     bool UseCompressedClassPointers               = true                                 {lp64_product} {ergonomic}
     bool UseCompressedOops                        = true                                 {lp64_product} {ergonomic}
     bool UseG1GC                                  = true                                      {product} {ergonomic}
     bool UseLargePagesIndividualAllocation        = false                                  {pd product} {ergonomic}

Logging:
Log output configuration:
 #0: stdout all=warning uptime,level,tags
 #1: stderr all=off uptime,level,tags

Environment Variables:
PATH=C:\Program Files (x86)\Intel\iCLS Client\;C:\Program Files\Intel\iCLS Client\;C:\WINDOWS\system32;C:\WINDOWS;C:\WINDOWS\System32\Wbem;C:\WINDOWS\System32\WindowsPowerShell\v1.0\;C:\Program Files (x86)\Intel\Intel(R) Management Engine Components\DAL;C:\Program Files\Intel\Intel(R) Management Engine Components\DAL;C:\Program Files (x86)\Intel\Intel(R) Management Engine Components\IPT;C:\Program Files\Intel\Intel(R) Management Engine Components\IPT;C:\MinGW\bin;C:\Program Files (x86)\Vim\vim81;C:\WINDOWS\System32\OpenSSH\;C:\Program Files\Java\jdk-14\bin;C:\Program Files\Git\cmd;C:\ProgramData\chocolatey\bin;C:\Program Files\nodejs\;C:\Users\nschu\AppData\Local\Microsoft\WindowsApps;C:\Users\nschu\AppData\Local\Programs\MiKTeX\miktex\bin\x64\;C:\Users\nschu\AppData\Roaming\cabal\bin;C:\ProgramData\chocolatey\lib\ghc\tools\ghc-8.10.2\bin;C:\tools\msys64;C:\Users\nschu\AppData\Roaming\npm;C:\Users\nschu\AppData\Local\Programs\Microsoft VS Code\bin
USERNAME=nschu
OS=Windows_NT
PROCESSOR_IDENTIFIER=Intel64 Family 6 Model 142 Stepping 9, GenuineIntel



---------------  S Y S T E M  ---------------

OS: Windows 10 , 64 bit Build 19041 (10.0.19041.928)
OS uptime: 20 days 18:25 hours

CPU:total 4 (initial active 4) (2 cores per cpu, 2 threads per core) family 6 model 142 stepping 9, cmov, cx8, fxsr, mmx, sse, sse2, sse3, ssse3, sse4.1, sse4.2, popcnt, aes, clmul, erms, 3dnowpref, lzcnt, ht, tsc, tscinvbit

Memory: 4k page, system-wide physical 3970M (326M free)
TotalPageFile size 16258M (AvailPageFile size 5M)
current process WorkingSet (physical memory assigned to process): 208M, peak: 208M
current process commit charge ("private bytes"): 240M, peak: 242M

vm_info: OpenJDK 64-Bit Server VM (11.0.8+10-b944.6842174) for windows-amd64 JRE (11.0.8+10-b944.6842174), built on Sep 19 2020 01:11:42 by "builder" with MS VC++ 14.0 (VS2015)

END.
